<?xml version="1.0" encoding="UTF-8"?>
<!-- Generated by org.testng.reporters.JUnitReportReporter -->
<testsuite hostname="Nikitas-MacBook-Pro.local" name="pdffillerTest.CustomBranding" tests="1" failures="0" timestamp="19 Nov 2015 14:17:34 GMT" time="51.197" errors="0">
  <testcase name="open" time="51.197" classname="pdffillerTest.CustomBranding"/>
</testsuite> <!-- pdffillerTest.CustomBranding -->
