<?xml version="1.0" encoding="UTF-8"?>
<!-- Generated by org.testng.reporters.JUnitReportReporter -->
<testsuite hostname="Nikitas-MacBook-Pro.local" name="pdffillerTest.RegistrationWithGoogle" tests="1" failures="0" timestamp="13 Oct 2015 16:23:50 GMT" time="27.983" errors="0">
  <testcase name="registrationWithGoogle" time="27.983" classname="pdffillerTest.RegistrationWithGoogle"/>
</testsuite> <!-- pdffillerTest.RegistrationWithGoogle -->
