<?xml version="1.0" encoding="UTF-8"?>
<!-- Generated by org.testng.reporters.JUnitReportReporter -->
<testsuite hostname="Nikitas-MacBook-Pro.local" name="pdffillerTest.Chat" tests="1" failures="0" timestamp="8 Oct 2015 08:37:52 GMT" time="217.837" errors="0">
  <testcase name="checkChat" time="217.837" classname="pdffillerTest.Chat"/>
</testsuite> <!-- pdffillerTest.Chat -->
